/*C11*/SET SCHEMA PUBLIC
SET DATABASE UNIQUE NAME HSQLDB5A017DF970
SET DATABASE GC 0
SET DATABASE DEFAULT RESULT MEMORY ROWS 0
SET DATABASE EVENT LOG LEVEL 0
SET DATABASE TRANSACTION CONTROL LOCKS
SET DATABASE DEFAULT ISOLATION LEVEL READ COMMITTED
SET DATABASE TRANSACTION ROLLBACK ON CONFLICT TRUE
SET DATABASE TEXT TABLE DEFAULTS ''
SET DATABASE SQL NAMES FALSE
SET DATABASE SQL REFERENCES FALSE
SET DATABASE SQL SIZE TRUE
SET DATABASE SQL TYPES FALSE
SET DATABASE SQL TDC DELETE TRUE
SET DATABASE SQL TDC UPDATE TRUE
SET DATABASE SQL TRANSLATE TTI TYPES TRUE
SET DATABASE SQL TRANSLATE TTI TYPES TRUE
SET DATABASE SQL CONCAT NULLS TRUE
SET DATABASE SQL UNIQUE NULLS TRUE
SET DATABASE SQL CONVERT TRUNCATE TRUE
SET DATABASE SQL AVG SCALE 0
SET DATABASE SQL DOUBLE NAN TRUE
SET FILES WRITE DELAY 500 MILLIS
SET FILES BACKUP INCREMENT TRUE
SET FILES CACHE SIZE 10000
SET FILES CACHE ROWS 50000
SET FILES SCALE 32
SET FILES LOB SCALE 32
SET FILES DEFRAG 0
SET FILES NIO TRUE
SET FILES NIO SIZE 256
SET FILES LOG TRUE
SET FILES LOG SIZE 50
ALTER USER SA SET LOCAL TRUE
SET SCHEMA PUBLIC
CREATE MEMORY TABLE PUBLIC.CLIENTS(ID INTEGER GENERATED BY DEFAULT AS IDENTITY(START WITH 0) NOT NULL PRIMARY KEY,NAME VARCHAR(32) NOT NULL,SURNAME VARCHAR(32) NOT NULL,PHONE VARCHAR(16),EMAIL VARCHAR(32))
ALTER TABLE PUBLIC.CLIENTS ALTER COLUMN ID RESTART WITH 79
CREATE MEMORY TABLE PUBLIC.MEETINGS(ID INTEGER GENERATED BY DEFAULT AS IDENTITY(START WITH 0) NOT NULL PRIMARY KEY,LOCATION VARCHAR(64) NOT NULL,STARTEDAT TIMESTAMP NOT NULL,CONCLUDEDAT TIMESTAMP,C_ID INTEGER,FOREIGN KEY(C_ID) REFERENCES PUBLIC.CLIENTS(ID) ON DELETE CASCADE)
ALTER TABLE PUBLIC.MEETINGS ALTER COLUMN ID RESTART WITH 140
ALTER SEQUENCE SYSTEM_LOBS.LOB_ID RESTART WITH 1
SET DATABASE DEFAULT INITIAL SCHEMA PUBLIC
SET SCHEMA SYSTEM_LOBS
SET SCHEMA SYSTEM_LOBS
SET SCHEMA PUBLIC
SET SCHEMA PUBLIC
INSERT INTO CLIENTS VALUES(0,'Bill','Gates','111222333','bill.gates@hotmail.com')
COMMIT
INSERT INTO CLIENTS VALUES(9,'Steve','Jobs',NULL,NULL)
COMMIT
INSERT INTO CLIENTS VALUES(56,'Ryan','Gosling','516849516','r.g@mail.com')
COMMIT
INSERT INTO CLIENTS VALUES(57,'Emma','Stone','358462846','emma@yahoo.com')
COMMIT
INSERT INTO CLIENTS VALUES(58,'Tim','Cook','462478258','tim.cook@hotmail.com')
COMMIT
INSERT INTO CLIENTS VALUES(59,'Britney','Spears','32165432','bannedFrom@email.com')
COMMIT
INSERT INTO CLIENTS VALUES(60,'Julius','Caesarus','','kdssbHdvwhu@gmail.com')
COMMIT
INSERT INTO CLIENTS VALUES(61,'Copy','Person','123456789','spacefiller@email.com')
COMMIT
INSERT INTO CLIENTS VALUES(62,'Copy','Person','123456789','spacefiller@email.com')
COMMIT
INSERT INTO CLIENTS VALUES(63,'Copy','Person','123456789','spacefiller@email.com')
COMMIT
INSERT INTO CLIENTS VALUES(64,'Copy','Person','123456789','spacefiller@email.com')
COMMIT
INSERT INTO CLIENTS VALUES(65,'Copy','Person','123456789','spacefiller@email.com')
COMMIT
INSERT INTO CLIENTS VALUES(66,'Copy','Person','123456789','spacefiller@email.com')
COMMIT
INSERT INTO CLIENTS VALUES(67,'Copy','Person','123456789','spacefiller@email.com')
COMMIT
INSERT INTO CLIENTS VALUES(68,'Copy','Person','123456789','spacefiller@email.com')
COMMIT
INSERT INTO CLIENTS VALUES(69,'Copy','Person','123456789','spacefiller@email.com')
COMMIT
INSERT INTO CLIENTS VALUES(70,'Copy','Person','123456789','spacefiller@email.com')
COMMIT
INSERT INTO CLIENTS VALUES(71,'Copy','Person','123456789','spacefiller@email.com')
COMMIT
INSERT INTO CLIENTS VALUES(72,'Copy','Person','123456789','spacefiller@email.com')
COMMIT
INSERT INTO CLIENTS VALUES(73,'Copy','Person','123456789','spacefiller@email.com')
COMMIT
INSERT INTO CLIENTS VALUES(74,'Copy','Person','123456789','spacefiller@email.com')
COMMIT
INSERT INTO CLIENTS VALUES(75,'Copy','Person','123456789','spacefiller@email.com')
COMMIT
INSERT INTO CLIENTS VALUES(76,'Copy','Person','123456789','spacefiller@email.com')
COMMIT
INSERT INTO CLIENTS VALUES(77,'Copy','Person','123456789','spacefiller@email.com')
COMMIT
INSERT INTO CLIENTS VALUES(78,'Copy','Person','123456789','spacefiller@email.com')
COMMIT
INSERT INTO MEETINGS VALUES(40,'exampleData','2017-02-03 09:29:01.292000','2017-02-03 11:29:03.090000',0)
COMMIT
INSERT INTO MEETINGS VALUES(41,'DataExample','2010-02-07 09:29:01.292000','2012-04-06 11:29:03.090000',0)
COMMIT
INSERT INTO MEETINGS VALUES(42,'moreExamples','2017-02-07 09:29:01.292000','2017-02-03 11:29:03.090000',0)
COMMIT
INSERT INTO MEETINGS VALUES(43,'exampleData','2017-02-03 09:29:01.292000','2017-02-03 11:29:03.090000',0)
COMMIT
INSERT INTO MEETINGS VALUES(44,'exampleData','2017-02-03 09:29:01.292000','2017-02-03 11:29:03.090000',0)
COMMIT
INSERT INTO MEETINGS VALUES(45,'exampleData','2017-02-03 09:29:01.292000','2017-02-03 11:29:03.090000',0)
COMMIT
INSERT INTO MEETINGS VALUES(46,'exampleData','2017-02-03 09:29:01.292000','2017-02-03 11:29:03.090000',0)
COMMIT
INSERT INTO MEETINGS VALUES(47,'exampleData','2017-02-03 09:29:01.292000','2017-02-03 11:29:03.090000',0)
COMMIT
INSERT INTO MEETINGS VALUES(48,'exampleData','2017-02-03 09:29:01.292000','2017-02-03 11:29:03.090000',0)
COMMIT
INSERT INTO MEETINGS VALUES(49,'exampleData','2017-02-03 09:29:01.292000','2017-02-03 11:29:03.090000',0)
COMMIT
INSERT INTO MEETINGS VALUES(50,'exampleData','2017-02-03 09:29:01.292000','2017-02-03 11:29:03.090000',0)
COMMIT
INSERT INTO MEETINGS VALUES(51,'exampleData','2017-02-03 09:29:01.292000','2017-02-03 11:29:03.090000',0)
COMMIT
INSERT INTO MEETINGS VALUES(52,'exampleData','2017-02-03 09:29:01.292000','2017-02-03 11:29:03.090000',0)
COMMIT
INSERT INTO MEETINGS VALUES(53,'exampleData','2017-02-03 09:29:01.292000','2017-02-03 11:29:03.090000',0)
COMMIT
INSERT INTO MEETINGS VALUES(54,'exampleData','2017-02-03 09:29:01.292000','2017-02-03 11:29:03.090000',0)
COMMIT
INSERT INTO MEETINGS VALUES(55,'exampleData','2017-02-03 09:29:01.292000','2017-02-03 11:29:03.090000',0)
COMMIT
INSERT INTO MEETINGS VALUES(56,'exampleData','2017-02-03 09:29:01.292000','2017-02-03 11:29:03.090000',0)
COMMIT
INSERT INTO MEETINGS VALUES(57,'exampleData','2017-02-03 09:29:01.292000','2017-02-03 11:29:03.090000',0)
COMMIT
INSERT INTO MEETINGS VALUES(58,'DataExample','2010-02-07 09:29:01.292000','2012-04-06 11:29:03.090000',0)
COMMIT
INSERT INTO MEETINGS VALUES(59,'DataExample','2010-02-07 09:29:01.292000','2012-04-06 11:29:03.090000',0)
COMMIT
INSERT INTO MEETINGS VALUES(60,'DataExample','2010-02-07 09:29:01.292000','2012-04-06 11:29:03.090000',0)
COMMIT
INSERT INTO MEETINGS VALUES(61,'DataExample','2010-02-07 09:29:01.292000','2012-04-06 11:29:03.090000',0)
COMMIT
INSERT INTO MEETINGS VALUES(62,'DataExample','2010-02-07 09:29:01.292000','2012-04-06 11:29:03.090000',0)
COMMIT
INSERT INTO MEETINGS VALUES(63,'DataExample','2010-02-07 09:29:01.292000','2012-04-06 11:29:03.090000',0)
COMMIT
INSERT INTO MEETINGS VALUES(64,'DataExample','2010-02-07 09:29:01.292000','2012-04-06 11:29:03.090000',0)
COMMIT
INSERT INTO MEETINGS VALUES(65,'moreExamples','2017-02-07 09:29:01.292000','2017-02-03 11:29:03.090000',0)
COMMIT
INSERT INTO MEETINGS VALUES(66,'moreExamples','2017-02-07 09:29:01.292000','2017-02-03 11:29:03.090000',0)
COMMIT
INSERT INTO MEETINGS VALUES(67,'moreExamples','2017-02-07 09:29:01.292000','2017-02-03 11:29:03.090000',0)
COMMIT
INSERT INTO MEETINGS VALUES(68,'moreExamples','2017-02-07 09:29:01.292000','2017-02-03 11:29:03.090000',0)
COMMIT
INSERT INTO MEETINGS VALUES(69,'moreExamples','2017-02-07 09:29:01.292000','2017-02-03 11:29:03.090000',0)
COMMIT
INSERT INTO MEETINGS VALUES(70,'moreExamples','2017-02-07 09:29:01.292000','2017-02-03 11:29:03.090000',0)
COMMIT
INSERT INTO MEETINGS VALUES(71,'moreExamples','2017-02-07 09:29:01.292000','2017-02-03 11:29:03.090000',0)
COMMIT
INSERT INTO MEETINGS VALUES(72,'moreExamples','2017-02-07 09:29:01.292000','2017-02-03 11:29:03.090000',0)
COMMIT
INSERT INTO MEETINGS VALUES(73,'DataExample','2010-02-07 09:29:01.292000','2012-04-06 11:29:03.090000',0)
COMMIT
INSERT INTO MEETINGS VALUES(74,'DataExample','2010-02-07 09:29:01.292000','2012-04-06 11:29:03.090000',0)
COMMIT
INSERT INTO MEETINGS VALUES(75,'DataExample','2010-02-07 09:29:01.292000','2012-04-06 11:29:03.090000',78)
COMMIT
INSERT INTO MEETINGS VALUES(76,'DataExample','2010-02-07 09:29:01.292000','2012-04-06 11:29:03.090000',68)
COMMIT
INSERT INTO MEETINGS VALUES(77,'DataExample','2010-02-07 09:29:01.292000','2012-04-06 11:29:03.090000',59)
COMMIT
INSERT INTO MEETINGS VALUES(78,'DataExample','2010-02-07 09:29:01.292000','2012-04-06 11:29:03.090000',65)
COMMIT
INSERT INTO MEETINGS VALUES(79,'DataExample','2010-02-07 09:29:01.292000','2012-04-06 11:29:03.090000',65)
COMMIT
INSERT INTO MEETINGS VALUES(80,'DataExample','2010-02-07 09:29:01.292000','2012-04-06 11:29:03.090000',65)
COMMIT
INSERT INTO MEETINGS VALUES(81,'DataExample','2010-02-07 09:29:01.292000','2012-04-06 11:29:03.090000',65)
COMMIT
INSERT INTO MEETINGS VALUES(82,'DataExample','2010-02-07 09:29:01.292000','2012-04-06 11:29:03.090000',65)
COMMIT
INSERT INTO MEETINGS VALUES(83,'DataExample','2010-02-07 09:29:01.292000','2012-04-06 11:29:03.090000',65)
COMMIT
INSERT INTO MEETINGS VALUES(84,'DataExample','2010-02-07 09:29:01.292000','2012-04-06 11:29:03.090000',65)
COMMIT
INSERT INTO MEETINGS VALUES(85,'DataExample','2010-02-07 09:29:01.292000','2012-04-06 11:29:03.090000',65)
COMMIT
INSERT INTO MEETINGS VALUES(86,'DataExample','2010-02-07 09:29:01.292000','2012-04-06 11:29:03.090000',65)
COMMIT
INSERT INTO MEETINGS VALUES(87,'DataExample','2010-02-07 09:29:01.292000','2012-04-06 11:29:03.090000',65)
COMMIT
INSERT INTO MEETINGS VALUES(88,'DataExample','2010-02-07 09:29:01.292000','2012-04-06 11:29:03.090000',65)
COMMIT
INSERT INTO MEETINGS VALUES(89,'DataExample','2010-02-07 09:29:01.292000','2012-04-06 11:29:03.090000',65)
COMMIT
INSERT INTO MEETINGS VALUES(90,'DataExample','2010-02-07 09:29:01.292000','2012-04-06 11:29:03.090000',64)
COMMIT
INSERT INTO MEETINGS VALUES(91,'DataExample','2010-02-07 09:29:01.292000','2012-04-06 11:29:03.090000',64)
COMMIT
INSERT INTO MEETINGS VALUES(92,'DataExample','2010-02-07 09:29:01.292000','2012-04-06 11:29:03.090000',64)
COMMIT
INSERT INTO MEETINGS VALUES(93,'moreExamples','2017-02-07 09:29:01.292000','2017-02-03 11:29:03.090000',64)
COMMIT
INSERT INTO MEETINGS VALUES(94,'moreExamples','2017-02-07 09:29:01.292000','2017-02-03 11:29:03.090000',64)
COMMIT
INSERT INTO MEETINGS VALUES(95,'moreExamples','2017-02-07 09:29:01.292000','2017-02-03 11:29:03.090000',64)
COMMIT
INSERT INTO MEETINGS VALUES(96,'moreExamples','2017-02-07 09:29:01.292000','2017-02-03 11:29:03.090000',63)
COMMIT
INSERT INTO MEETINGS VALUES(97,'moreExamples','2017-02-07 09:29:01.292000','2017-02-03 11:29:03.090000',63)
COMMIT
INSERT INTO MEETINGS VALUES(98,'moreExamples','2017-02-07 09:29:01.292000','2017-02-03 11:29:03.090000',63)
COMMIT
INSERT INTO MEETINGS VALUES(99,'moreExamples','2017-02-07 09:29:01.292000','2017-02-03 11:29:03.090000',63)
COMMIT
INSERT INTO MEETINGS VALUES(100,'moreExamples','2017-02-07 09:29:01.292000','2017-02-03 11:29:03.090000',63)
COMMIT
INSERT INTO MEETINGS VALUES(101,'DataExample','2010-02-07 09:29:01.292000','2012-04-06 11:29:03.090000',62)
COMMIT
INSERT INTO MEETINGS VALUES(102,'exampleData','2017-02-03 09:29:01.292000','2017-02-03 11:29:03.090000',62)
COMMIT
INSERT INTO MEETINGS VALUES(103,'exampleData','2017-02-03 09:29:01.292000','2017-02-03 11:29:03.090000',62)
COMMIT
INSERT INTO MEETINGS VALUES(104,'exampleData','2017-02-03 09:29:01.292000','2017-02-03 11:29:03.090000',62)
COMMIT
INSERT INTO MEETINGS VALUES(105,'exampleData','2017-02-03 09:29:01.292000','2017-02-03 11:29:03.090000',62)
COMMIT
INSERT INTO MEETINGS VALUES(106,'exampleData','2017-02-03 09:29:01.292000','2017-02-03 11:29:03.090000',62)
COMMIT
INSERT INTO MEETINGS VALUES(107,'exampleData','2017-02-03 09:29:01.292000','2017-02-03 11:29:03.090000',62)
COMMIT
INSERT INTO MEETINGS VALUES(108,'exampleData','2017-02-03 09:29:01.292000','2017-02-03 11:29:03.090000',62)
COMMIT
INSERT INTO MEETINGS VALUES(109,'exampleData','2017-02-03 09:29:01.292000','2017-02-03 11:29:03.090000',61)
COMMIT
INSERT INTO MEETINGS VALUES(110,'exampleData','2017-02-03 09:29:01.292000','2017-02-03 11:29:03.090000',61)
COMMIT
INSERT INTO MEETINGS VALUES(111,'exampleData','2017-02-03 09:29:01.292000','2017-02-03 11:29:03.090000',61)
COMMIT
INSERT INTO MEETINGS VALUES(112,'exampleData','2017-02-03 09:29:01.292000','2017-02-03 11:29:03.090000',61)
COMMIT
INSERT INTO MEETINGS VALUES(113,'exampleData','2017-02-03 09:29:01.292000','2017-02-03 11:29:03.090000',61)
COMMIT
INSERT INTO MEETINGS VALUES(114,'DataExample','2010-02-07 09:29:01.292000','2012-04-06 11:29:03.090000',61)
COMMIT
INSERT INTO MEETINGS VALUES(115,'DataExample','2010-02-07 09:29:01.292000','2012-04-06 11:29:03.090000',60)
COMMIT
INSERT INTO MEETINGS VALUES(116,'DataExample','2010-02-07 09:29:01.292000','2012-04-06 11:29:03.090000',60)
COMMIT
INSERT INTO MEETINGS VALUES(117,'DataExample','2010-02-07 09:29:01.292000','2012-04-06 11:29:03.090000',60)
COMMIT
INSERT INTO MEETINGS VALUES(118,'DataExample','2010-02-07 09:29:01.292000','2012-04-06 11:29:03.090000',60)
COMMIT
INSERT INTO MEETINGS VALUES(119,'DataExample','2010-02-07 09:29:01.292000','2012-04-06 11:29:03.090000',60)
COMMIT
INSERT INTO MEETINGS VALUES(120,'DataExample','2010-02-07 09:29:01.292000','2012-04-06 11:29:03.090000',60)
COMMIT
INSERT INTO MEETINGS VALUES(121,'DataExample','2010-02-07 09:29:01.292000','2012-04-06 11:29:03.090000',59)
COMMIT
INSERT INTO MEETINGS VALUES(122,'DataExample','2010-02-07 09:29:01.292000','2012-04-06 11:29:03.090000',59)
COMMIT
INSERT INTO MEETINGS VALUES(123,'DataExample','2010-02-07 09:29:01.292000','2012-04-06 11:29:03.090000',59)
COMMIT
INSERT INTO MEETINGS VALUES(124,'DataExample','2010-02-07 09:29:01.292000','2012-04-06 11:29:03.090000',59)
COMMIT
INSERT INTO MEETINGS VALUES(125,'DataExample','2010-02-07 09:29:01.292000','2012-04-06 11:29:03.090000',59)
COMMIT
INSERT INTO MEETINGS VALUES(126,'DataExample','2010-02-07 09:29:01.292000','2012-04-06 11:29:03.090000',58)
COMMIT
INSERT INTO MEETINGS VALUES(127,'DataExample','2010-02-07 09:29:01.292000','2012-04-06 11:29:03.090000',58)
COMMIT
INSERT INTO MEETINGS VALUES(128,'moreExamples','2017-02-07 09:29:01.292000','2017-02-03 11:29:03.090000',58)
COMMIT
INSERT INTO MEETINGS VALUES(129,'moreExamples','2017-02-07 09:29:01.292000','2017-02-03 11:29:03.090000',58)
COMMIT
INSERT INTO MEETINGS VALUES(130,'moreExamples','2017-02-07 09:29:01.292000','2017-02-03 11:29:03.090000',58)
COMMIT
INSERT INTO MEETINGS VALUES(131,'moreExamples','2017-02-07 09:29:01.292000','2017-02-03 11:29:03.090000',58)
COMMIT
INSERT INTO MEETINGS VALUES(132,'moreExamples','2017-02-07 09:29:01.292000','2017-02-03 11:29:03.090000',58)
COMMIT
INSERT INTO MEETINGS VALUES(133,'moreExamples','2017-02-07 09:29:01.292000','2017-02-03 11:29:03.090000',58)
COMMIT
INSERT INTO MEETINGS VALUES(134,'moreExamples','2017-02-07 09:29:01.292000','2017-02-03 11:29:03.090000',57)
COMMIT
INSERT INTO MEETINGS VALUES(135,'moreExamples','2017-02-07 09:29:01.292000','2017-02-03 11:29:03.090000',57)
COMMIT
INSERT INTO MEETINGS VALUES(136,'moreExamples','2017-02-07 09:29:01.292000','2017-02-03 11:29:03.090000',57)
COMMIT
INSERT INTO MEETINGS VALUES(137,'moreExamples','2017-02-07 09:29:01.292000','2017-02-03 11:29:03.090000',57)
COMMIT
INSERT INTO MEETINGS VALUES(138,'moreExamples','2017-02-07 09:29:01.292000','2017-02-03 11:29:03.090000',57)
COMMIT
INSERT INTO MEETINGS VALUES(139,'moreExamples','2017-02-07 09:29:01.292000','2017-02-03 11:29:03.090000',57)
COMMIT
DISCONNECT
/*C12*/SET SCHEMA PUBLIC
DISCONNECT
/*C13*/SET SCHEMA PUBLIC
set schema PUBLIC
/*C14*/SET SCHEMA PUBLIC
set schema PUBLIC
/*C13*/DISCONNECT
/*C14*/DISCONNECT
